2025-05-26 19:04:35,689 - INFO - [31m[1mWARNING: This is a development server. Do not use it in a production deployment. Use a production WSGI server instead.[0m
 * Running on http://127.0.0.1:5000
2025-05-26 19:04:35,689 - INFO - [33mPress CTRL+C to quit[0m
2025-05-26 19:04:37,953 - INFO - 127.0.0.1 - - [26/May/2025 19:04:37] "GET /predict_data HTTP/1.1" 200 -
2025-05-26 19:04:38,806 - ERROR - Exception on /predict_data [POST]
Traceback (most recent call last):
  File "/home/wahab901278/end-to-end-ml-project/myenv/lib/python3.12/site-packages/flask/app.py", line 1511, in wsgi_app
    response = self.full_dispatch_request()
               ^^^^^^^^^^^^^^^^^^^^^^^^^^^^
  File "/home/wahab901278/end-to-end-ml-project/myenv/lib/python3.12/site-packages/flask/app.py", line 919, in full_dispatch_request
    rv = self.handle_user_exception(e)
         ^^^^^^^^^^^^^^^^^^^^^^^^^^^^^
  File "/home/wahab901278/end-to-end-ml-project/myenv/lib/python3.12/site-packages/flask/app.py", line 917, in full_dispatch_request
    rv = self.dispatch_request()
         ^^^^^^^^^^^^^^^^^^^^^^^
  File "/home/wahab901278/end-to-end-ml-project/myenv/lib/python3.12/site-packages/flask/app.py", line 902, in dispatch_request
    return self.ensure_sync(self.view_functions[rule.endpoint])(**view_args)  # type: ignore[no-any-return]
           ^^^^^^^^^^^^^^^^^^^^^^^^^^^^^^^^^^^^^^^^^^^^^^^^^^^^^^^^^^^^^^^^^
  File "/home/wahab901278/end-to-end-ml-project/app.py", line 25, in predict_datapoint
    reading_score=float(request.form.get('reading_score')),
                  ^^^^^^^^^^^^^^^^^^^^^^^^^^^^^^^^^^^^^^^^
TypeError: float() argument must be a string or a real number, not 'NoneType'
2025-05-26 19:04:38,809 - INFO - 127.0.0.1 - - [26/May/2025 19:04:38] "[35m[1mPOST /predict_data HTTP/1.1[0m" 500 -
2025-05-26 19:04:42,949 - INFO - 127.0.0.1 - - [26/May/2025 19:04:42] "GET /predict_data HTTP/1.1" 200 -
2025-05-26 19:04:56,340 - ERROR - Exception on /predict_data [POST]
Traceback (most recent call last):
  File "/home/wahab901278/end-to-end-ml-project/myenv/lib/python3.12/site-packages/flask/app.py", line 1511, in wsgi_app
    response = self.full_dispatch_request()
               ^^^^^^^^^^^^^^^^^^^^^^^^^^^^
  File "/home/wahab901278/end-to-end-ml-project/myenv/lib/python3.12/site-packages/flask/app.py", line 919, in full_dispatch_request
    rv = self.handle_user_exception(e)
         ^^^^^^^^^^^^^^^^^^^^^^^^^^^^^
  File "/home/wahab901278/end-to-end-ml-project/myenv/lib/python3.12/site-packages/flask/app.py", line 917, in full_dispatch_request
    rv = self.dispatch_request()
         ^^^^^^^^^^^^^^^^^^^^^^^
  File "/home/wahab901278/end-to-end-ml-project/myenv/lib/python3.12/site-packages/flask/app.py", line 902, in dispatch_request
    return self.ensure_sync(self.view_functions[rule.endpoint])(**view_args)  # type: ignore[no-any-return]
           ^^^^^^^^^^^^^^^^^^^^^^^^^^^^^^^^^^^^^^^^^^^^^^^^^^^^^^^^^^^^^^^^^
  File "/home/wahab901278/end-to-end-ml-project/app.py", line 25, in predict_datapoint
    reading_score=float(request.form.get('reading_score')),
                  ^^^^^^^^^^^^^^^^^^^^^^^^^^^^^^^^^^^^^^^^
TypeError: float() argument must be a string or a real number, not 'NoneType'
2025-05-26 19:04:56,342 - INFO - 127.0.0.1 - - [26/May/2025 19:04:56] "[35m[1mPOST /predict_data HTTP/1.1[0m" 500 -
